<?xml version="1.0" encoding="UTF-8"?>
<testsuite xmlns:xsi="http://www.w3.org/2001/XMLSchema-instance" xsi:noNamespaceSchemaLocation="https://maven.apache.org/surefire/maven-surefire-plugin/xsd/surefire-test-report.xsd" version="3.0.2" name="com.entreprise.pfeproject.PfeProjectApplicationTests" time="2.9" tests="1" errors="0" skipped="0" failures="0">
  <properties>
[...]
</properties>
  <testcase name="contextLoads" classname="com.entreprise.pfeproject.PfeProjectApplicationTests" time="1.238">
    <system-out><![CDATA[00:02:17.559 [main] INFO org.springframework.test.context.support.AnnotationConfigContextLoaderUtils -- Could not detect default configuration classes for test class [com.entreprise.pfeproject.PfeProjectApplicationTests]: PfeProjectApplicationTests does not declare any static, non-private, non-final, nested classes annotated with @Configuration.
00:02:17.703 [main] INFO org.springframework.boot.test.context.SpringBootTestContextBootstrapper -- Found @SpringBootConfiguration com.entreprise.pfeproject.PfeProjectApplication for test class com.entreprise.pfeproject.PfeProjectApplicationTests

  .   ____          _            __ _ _
 /\\ / ___'_ __ _ _(_)_ __  __ _ \ \ \ \
( ( )\___ | '_ | '_| | '_ \/ _` | \ \ \ \
 \\/  ___)| |_)| | | | | || (_| |  ) ) ) )
  '  |____| .__|_| |_|_| |_\__, | / / / /
 =========|_|==============|___/=/_/_/_/

 :: Spring Boot ::                (v3.4.4)

2025-06-10T00:02:18.355+01:00  INFO 18956 --- [PFE-Project] [           main] c.e.p.PfeProjectApplicationTests         : Starting PfeProjectApplicationTests using Java 17.0.14 with PID 18956 (started by sharbi in C:\Users\sharbi\IdeaProjects\Project-PFE\PFE-Project)
2025-06-10T00:02:18.357+01:00  INFO 18956 --- [PFE-Project] [           main] c.e.p.PfeProjectApplicationTests         : No active profile set, falling back to 1 default profile: "default"
2025-06-10T00:02:19.029+01:00  INFO 18956 --- [PFE-Project] [           main] c.e.p.PfeProjectApplicationTests         : Started PfeProjectApplicationTests in 1.119 seconds (process running for 2.297)
]]></system-out>
  </testcase>
</testsuite>